
*** Running vivado
    with args -log design_1_auto_pc_2.vds -m64 -product Vivado -mode batch -messageDb vivado.pb -notrace -source design_1_auto_pc_2.tcl


****** Vivado v2016.4 (64-bit)
  **** SW Build 1733598 on Wed Dec 14 22:35:42 MST 2016
  **** IP Build 1731160 on Wed Dec 14 23:47:21 MST 2016
    ** Copyright 1986-2016 Xilinx, Inc. All Rights Reserved.

source design_1_auto_pc_2.tcl -notrace
Starting RTL Elaboration : Time (s): cpu = 00:00:11 ; elapsed = 00:00:11 . Memory (MB): peak = 1077.547 ; gain = 143.082 ; free physical = 1214 ; free virtual = 12861
INFO: [Synth 8-638] synthesizing module 'design_1_auto_pc_2' [/home/jsk_027/PSOC_ED/EdgeDetection/project_1_vivado/project_1_vivado.srcs/sources_1/bd/design_1/ip/design_1_auto_pc_2/synth/design_1_auto_pc_2.v:58]
INFO: [Synth 8-638] synthesizing module 'axi_protocol_converter_v2_1_11_axi_protocol_converter' [/home/jsk_027/PSOC_ED/EdgeDetection/project_1_vivado/project_1_vivado.srcs/sources_1/bd/design_1/ipshared/df1b/hdl/axi_protocol_converter_v2_1_vl_rfs.v:4806]
INFO: [Synth 8-638] synthesizing module 'axi_protocol_converter_v2_1_11_b2s' [/home/jsk_027/PSOC_ED/EdgeDetection/project_1_vivado/project_1_vivado.srcs/sources_1/bd/design_1/ipshared/df1b/hdl/axi_protocol_converter_v2_1_vl_rfs.v:4224]
INFO: [Synth 8-638] synthesizing module 'axi_protocol_converter_v2_1_11_b2s_aw_channel' [/home/jsk_027/PSOC_ED/EdgeDetection/project_1_vivado/project_1_vivado.srcs/sources_1/bd/design_1/ipshared/df1b/hdl/axi_protocol_converter_v2_1_vl_rfs.v:3969]
INFO: [Synth 8-638] synthesizing module 'axi_protocol_converter_v2_1_11_b2s_cmd_translator' [/home/jsk_027/PSOC_ED/EdgeDetection/project_1_vivado/project_1_vivado.srcs/sources_1/bd/design_1/ipshared/df1b/hdl/axi_protocol_converter_v2_1_vl_rfs.v:3467]
INFO: [Synth 8-638] synthesizing module 'axi_protocol_converter_v2_1_11_b2s_incr_cmd' [/home/jsk_027/PSOC_ED/EdgeDetection/project_1_vivado/project_1_vivado.srcs/sources_1/bd/design_1/ipshared/df1b/hdl/axi_protocol_converter_v2_1_vl_rfs.v:3093]
INFO: [Synth 8-256] done synthesizing module 'axi_protocol_converter_v2_1_11_b2s_incr_cmd' (1#1) [/home/jsk_027/PSOC_ED/EdgeDetection/project_1_vivado/project_1_vivado.srcs/sources_1/bd/design_1/ipshared/df1b/hdl/axi_protocol_converter_v2_1_vl_rfs.v:3093]
INFO: [Synth 8-638] synthesizing module 'axi_protocol_converter_v2_1_11_b2s_wrap_cmd' [/home/jsk_027/PSOC_ED/EdgeDetection/project_1_vivado/project_1_vivado.srcs/sources_1/bd/design_1/ipshared/df1b/hdl/axi_protocol_converter_v2_1_vl_rfs.v:2903]
INFO: [Synth 8-256] done synthesizing module 'axi_protocol_converter_v2_1_11_b2s_wrap_cmd' (2#1) [/home/jsk_027/PSOC_ED/EdgeDetection/project_1_vivado/project_1_vivado.srcs/sources_1/bd/design_1/ipshared/df1b/hdl/axi_protocol_converter_v2_1_vl_rfs.v:2903]
INFO: [Synth 8-256] done synthesizing module 'axi_protocol_converter_v2_1_11_b2s_cmd_translator' (3#1) [/home/jsk_027/PSOC_ED/EdgeDetection/project_1_vivado/project_1_vivado.srcs/sources_1/bd/design_1/ipshared/df1b/hdl/axi_protocol_converter_v2_1_vl_rfs.v:3467]
INFO: [Synth 8-638] synthesizing module 'axi_protocol_converter_v2_1_11_b2s_wr_cmd_fsm' [/home/jsk_027/PSOC_ED/EdgeDetection/project_1_vivado/project_1_vivado.srcs/sources_1/bd/design_1/ipshared/df1b/hdl/axi_protocol_converter_v2_1_vl_rfs.v:3225]
INFO: [Synth 8-256] done synthesizing module 'axi_protocol_converter_v2_1_11_b2s_wr_cmd_fsm' (4#1) [/home/jsk_027/PSOC_ED/EdgeDetection/project_1_vivado/project_1_vivado.srcs/sources_1/bd/design_1/ipshared/df1b/hdl/axi_protocol_converter_v2_1_vl_rfs.v:3225]
INFO: [Synth 8-256] done synthesizing module 'axi_protocol_converter_v2_1_11_b2s_aw_channel' (5#1) [/home/jsk_027/PSOC_ED/EdgeDetection/project_1_vivado/project_1_vivado.srcs/sources_1/bd/design_1/ipshared/df1b/hdl/axi_protocol_converter_v2_1_vl_rfs.v:3969]
INFO: [Synth 8-638] synthesizing module 'axi_protocol_converter_v2_1_11_b2s_b_channel' [/home/jsk_027/PSOC_ED/EdgeDetection/project_1_vivado/project_1_vivado.srcs/sources_1/bd/design_1/ipshared/df1b/hdl/axi_protocol_converter_v2_1_vl_rfs.v:3609]
INFO: [Synth 8-638] synthesizing module 'axi_protocol_converter_v2_1_11_b2s_simple_fifo' [/home/jsk_027/PSOC_ED/EdgeDetection/project_1_vivado/project_1_vivado.srcs/sources_1/bd/design_1/ipshared/df1b/hdl/axi_protocol_converter_v2_1_vl_rfs.v:2816]
INFO: [Synth 8-256] done synthesizing module 'axi_protocol_converter_v2_1_11_b2s_simple_fifo' (6#1) [/home/jsk_027/PSOC_ED/EdgeDetection/project_1_vivado/project_1_vivado.srcs/sources_1/bd/design_1/ipshared/df1b/hdl/axi_protocol_converter_v2_1_vl_rfs.v:2816]
INFO: [Synth 8-638] synthesizing module 'axi_protocol_converter_v2_1_11_b2s_simple_fifo__parameterized0' [/home/jsk_027/PSOC_ED/EdgeDetection/project_1_vivado/project_1_vivado.srcs/sources_1/bd/design_1/ipshared/df1b/hdl/axi_protocol_converter_v2_1_vl_rfs.v:2816]
INFO: [Synth 8-256] done synthesizing module 'axi_protocol_converter_v2_1_11_b2s_simple_fifo__parameterized0' (6#1) [/home/jsk_027/PSOC_ED/EdgeDetection/project_1_vivado/project_1_vivado.srcs/sources_1/bd/design_1/ipshared/df1b/hdl/axi_protocol_converter_v2_1_vl_rfs.v:2816]
INFO: [Synth 8-256] done synthesizing module 'axi_protocol_converter_v2_1_11_b2s_b_channel' (7#1) [/home/jsk_027/PSOC_ED/EdgeDetection/project_1_vivado/project_1_vivado.srcs/sources_1/bd/design_1/ipshared/df1b/hdl/axi_protocol_converter_v2_1_vl_rfs.v:3609]
INFO: [Synth 8-638] synthesizing module 'axi_protocol_converter_v2_1_11_b2s_ar_channel' [/home/jsk_027/PSOC_ED/EdgeDetection/project_1_vivado/project_1_vivado.srcs/sources_1/bd/design_1/ipshared/df1b/hdl/axi_protocol_converter_v2_1_vl_rfs.v:4080]
INFO: [Synth 8-638] synthesizing module 'axi_protocol_converter_v2_1_11_b2s_rd_cmd_fsm' [/home/jsk_027/PSOC_ED/EdgeDetection/project_1_vivado/project_1_vivado.srcs/sources_1/bd/design_1/ipshared/df1b/hdl/axi_protocol_converter_v2_1_vl_rfs.v:3336]
INFO: [Synth 8-256] done synthesizing module 'axi_protocol_converter_v2_1_11_b2s_rd_cmd_fsm' (8#1) [/home/jsk_027/PSOC_ED/EdgeDetection/project_1_vivado/project_1_vivado.srcs/sources_1/bd/design_1/ipshared/df1b/hdl/axi_protocol_converter_v2_1_vl_rfs.v:3336]
INFO: [Synth 8-256] done synthesizing module 'axi_protocol_converter_v2_1_11_b2s_ar_channel' (9#1) [/home/jsk_027/PSOC_ED/EdgeDetection/project_1_vivado/project_1_vivado.srcs/sources_1/bd/design_1/ipshared/df1b/hdl/axi_protocol_converter_v2_1_vl_rfs.v:4080]
INFO: [Synth 8-638] synthesizing module 'axi_protocol_converter_v2_1_11_b2s_r_channel' [/home/jsk_027/PSOC_ED/EdgeDetection/project_1_vivado/project_1_vivado.srcs/sources_1/bd/design_1/ipshared/df1b/hdl/axi_protocol_converter_v2_1_vl_rfs.v:3809]
INFO: [Synth 8-638] synthesizing module 'axi_protocol_converter_v2_1_11_b2s_simple_fifo__parameterized1' [/home/jsk_027/PSOC_ED/EdgeDetection/project_1_vivado/project_1_vivado.srcs/sources_1/bd/design_1/ipshared/df1b/hdl/axi_protocol_converter_v2_1_vl_rfs.v:2816]
INFO: [Synth 8-256] done synthesizing module 'axi_protocol_converter_v2_1_11_b2s_simple_fifo__parameterized1' (9#1) [/home/jsk_027/PSOC_ED/EdgeDetection/project_1_vivado/project_1_vivado.srcs/sources_1/bd/design_1/ipshared/df1b/hdl/axi_protocol_converter_v2_1_vl_rfs.v:2816]
INFO: [Synth 8-638] synthesizing module 'axi_protocol_converter_v2_1_11_b2s_simple_fifo__parameterized2' [/home/jsk_027/PSOC_ED/EdgeDetection/project_1_vivado/project_1_vivado.srcs/sources_1/bd/design_1/ipshared/df1b/hdl/axi_protocol_converter_v2_1_vl_rfs.v:2816]
INFO: [Synth 8-256] done synthesizing module 'axi_protocol_converter_v2_1_11_b2s_simple_fifo__parameterized2' (9#1) [/home/jsk_027/PSOC_ED/EdgeDetection/project_1_vivado/project_1_vivado.srcs/sources_1/bd/design_1/ipshared/df1b/hdl/axi_protocol_converter_v2_1_vl_rfs.v:2816]
INFO: [Synth 8-256] done synthesizing module 'axi_protocol_converter_v2_1_11_b2s_r_channel' (10#1) [/home/jsk_027/PSOC_ED/EdgeDetection/project_1_vivado/project_1_vivado.srcs/sources_1/bd/design_1/ipshared/df1b/hdl/axi_protocol_converter_v2_1_vl_rfs.v:3809]
INFO: [Synth 8-638] synthesizing module 'axi_register_slice_v2_1_11_axi_register_slice' [/home/jsk_027/PSOC_ED/EdgeDetection/project_1_vivado/project_1_vivado.srcs/sources_1/bd/design_1/ipshared/0b6b/hdl/axi_register_slice_v2_1_vl_rfs.v:791]
INFO: [Synth 8-638] synthesizing module 'axi_infrastructure_v1_1_0_axi2vector' [/home/jsk_027/PSOC_ED/EdgeDetection/project_1_vivado/project_1_vivado.srcs/sources_1/bd/design_1/ipshared/7e3a/hdl/axi_infrastructure_v1_1_vl_rfs.v:60]
INFO: [Synth 8-256] done synthesizing module 'axi_infrastructure_v1_1_0_axi2vector' (11#1) [/home/jsk_027/PSOC_ED/EdgeDetection/project_1_vivado/project_1_vivado.srcs/sources_1/bd/design_1/ipshared/7e3a/hdl/axi_infrastructure_v1_1_vl_rfs.v:60]
INFO: [Synth 8-638] synthesizing module 'axi_register_slice_v2_1_11_axic_register_slice' [/home/jsk_027/PSOC_ED/EdgeDetection/project_1_vivado/project_1_vivado.srcs/sources_1/bd/design_1/ipshared/0b6b/hdl/axi_register_slice_v2_1_vl_rfs.v:85]
INFO: [Synth 8-256] done synthesizing module 'axi_register_slice_v2_1_11_axic_register_slice' (12#1) [/home/jsk_027/PSOC_ED/EdgeDetection/project_1_vivado/project_1_vivado.srcs/sources_1/bd/design_1/ipshared/0b6b/hdl/axi_register_slice_v2_1_vl_rfs.v:85]
INFO: [Synth 8-638] synthesizing module 'axi_register_slice_v2_1_11_axic_register_slice__parameterized0' [/home/jsk_027/PSOC_ED/EdgeDetection/project_1_vivado/project_1_vivado.srcs/sources_1/bd/design_1/ipshared/0b6b/hdl/axi_register_slice_v2_1_vl_rfs.v:85]
INFO: [Synth 8-256] done synthesizing module 'axi_register_slice_v2_1_11_axic_register_slice__parameterized0' (12#1) [/home/jsk_027/PSOC_ED/EdgeDetection/project_1_vivado/project_1_vivado.srcs/sources_1/bd/design_1/ipshared/0b6b/hdl/axi_register_slice_v2_1_vl_rfs.v:85]
INFO: [Synth 8-638] synthesizing module 'axi_register_slice_v2_1_11_axic_register_slice__parameterized1' [/home/jsk_027/PSOC_ED/EdgeDetection/project_1_vivado/project_1_vivado.srcs/sources_1/bd/design_1/ipshared/0b6b/hdl/axi_register_slice_v2_1_vl_rfs.v:85]
INFO: [Synth 8-256] done synthesizing module 'axi_register_slice_v2_1_11_axic_register_slice__parameterized1' (12#1) [/home/jsk_027/PSOC_ED/EdgeDetection/project_1_vivado/project_1_vivado.srcs/sources_1/bd/design_1/ipshared/0b6b/hdl/axi_register_slice_v2_1_vl_rfs.v:85]
INFO: [Synth 8-638] synthesizing module 'axi_register_slice_v2_1_11_axic_register_slice__parameterized2' [/home/jsk_027/PSOC_ED/EdgeDetection/project_1_vivado/project_1_vivado.srcs/sources_1/bd/design_1/ipshared/0b6b/hdl/axi_register_slice_v2_1_vl_rfs.v:85]
INFO: [Synth 8-256] done synthesizing module 'axi_register_slice_v2_1_11_axic_register_slice__parameterized2' (12#1) [/home/jsk_027/PSOC_ED/EdgeDetection/project_1_vivado/project_1_vivado.srcs/sources_1/bd/design_1/ipshared/0b6b/hdl/axi_register_slice_v2_1_vl_rfs.v:85]
INFO: [Synth 8-638] synthesizing module 'axi_infrastructure_v1_1_0_vector2axi' [/home/jsk_027/PSOC_ED/EdgeDetection/project_1_vivado/project_1_vivado.srcs/sources_1/bd/design_1/ipshared/7e3a/hdl/axi_infrastructure_v1_1_vl_rfs.v:474]
INFO: [Synth 8-256] done synthesizing module 'axi_infrastructure_v1_1_0_vector2axi' (13#1) [/home/jsk_027/PSOC_ED/EdgeDetection/project_1_vivado/project_1_vivado.srcs/sources_1/bd/design_1/ipshared/7e3a/hdl/axi_infrastructure_v1_1_vl_rfs.v:474]
INFO: [Synth 8-256] done synthesizing module 'axi_register_slice_v2_1_11_axi_register_slice' (14#1) [/home/jsk_027/PSOC_ED/EdgeDetection/project_1_vivado/project_1_vivado.srcs/sources_1/bd/design_1/ipshared/0b6b/hdl/axi_register_slice_v2_1_vl_rfs.v:791]
INFO: [Synth 8-638] synthesizing module 'axi_register_slice_v2_1_11_axi_register_slice__parameterized0' [/home/jsk_027/PSOC_ED/EdgeDetection/project_1_vivado/project_1_vivado.srcs/sources_1/bd/design_1/ipshared/0b6b/hdl/axi_register_slice_v2_1_vl_rfs.v:791]
INFO: [Synth 8-638] synthesizing module 'axi_infrastructure_v1_1_0_axi2vector__parameterized0' [/home/jsk_027/PSOC_ED/EdgeDetection/project_1_vivado/project_1_vivado.srcs/sources_1/bd/design_1/ipshared/7e3a/hdl/axi_infrastructure_v1_1_vl_rfs.v:60]
INFO: [Synth 8-256] done synthesizing module 'axi_infrastructure_v1_1_0_axi2vector__parameterized0' (14#1) [/home/jsk_027/PSOC_ED/EdgeDetection/project_1_vivado/project_1_vivado.srcs/sources_1/bd/design_1/ipshared/7e3a/hdl/axi_infrastructure_v1_1_vl_rfs.v:60]
INFO: [Synth 8-638] synthesizing module 'axi_register_slice_v2_1_11_axic_register_slice__parameterized3' [/home/jsk_027/PSOC_ED/EdgeDetection/project_1_vivado/project_1_vivado.srcs/sources_1/bd/design_1/ipshared/0b6b/hdl/axi_register_slice_v2_1_vl_rfs.v:85]
INFO: [Synth 8-256] done synthesizing module 'axi_register_slice_v2_1_11_axic_register_slice__parameterized3' (14#1) [/home/jsk_027/PSOC_ED/EdgeDetection/project_1_vivado/project_1_vivado.srcs/sources_1/bd/design_1/ipshared/0b6b/hdl/axi_register_slice_v2_1_vl_rfs.v:85]
INFO: [Synth 8-638] synthesizing module 'axi_register_slice_v2_1_11_axic_register_slice__parameterized4' [/home/jsk_027/PSOC_ED/EdgeDetection/project_1_vivado/project_1_vivado.srcs/sources_1/bd/design_1/ipshared/0b6b/hdl/axi_register_slice_v2_1_vl_rfs.v:85]
INFO: [Synth 8-256] done synthesizing module 'axi_register_slice_v2_1_11_axic_register_slice__parameterized4' (14#1) [/home/jsk_027/PSOC_ED/EdgeDetection/project_1_vivado/project_1_vivado.srcs/sources_1/bd/design_1/ipshared/0b6b/hdl/axi_register_slice_v2_1_vl_rfs.v:85]
INFO: [Synth 8-638] synthesizing module 'axi_register_slice_v2_1_11_axic_register_slice__parameterized5' [/home/jsk_027/PSOC_ED/EdgeDetection/project_1_vivado/project_1_vivado.srcs/sources_1/bd/design_1/ipshared/0b6b/hdl/axi_register_slice_v2_1_vl_rfs.v:85]
INFO: [Synth 8-256] done synthesizing module 'axi_register_slice_v2_1_11_axic_register_slice__parameterized5' (14#1) [/home/jsk_027/PSOC_ED/EdgeDetection/project_1_vivado/project_1_vivado.srcs/sources_1/bd/design_1/ipshared/0b6b/hdl/axi_register_slice_v2_1_vl_rfs.v:85]
INFO: [Synth 8-638] synthesizing module 'axi_register_slice_v2_1_11_axic_register_slice__parameterized6' [/home/jsk_027/PSOC_ED/EdgeDetection/project_1_vivado/project_1_vivado.srcs/sources_1/bd/design_1/ipshared/0b6b/hdl/axi_register_slice_v2_1_vl_rfs.v:85]
INFO: [Synth 8-256] done synthesizing module 'axi_register_slice_v2_1_11_axic_register_slice__parameterized6' (14#1) [/home/jsk_027/PSOC_ED/EdgeDetection/project_1_vivado/project_1_vivado.srcs/sources_1/bd/design_1/ipshared/0b6b/hdl/axi_register_slice_v2_1_vl_rfs.v:85]
INFO: [Synth 8-638] synthesizing module 'axi_register_slice_v2_1_11_axic_register_slice__parameterized7' [/home/jsk_027/PSOC_ED/EdgeDetection/project_1_vivado/project_1_vivado.srcs/sources_1/bd/design_1/ipshared/0b6b/hdl/axi_register_slice_v2_1_vl_rfs.v:85]
INFO: [Synth 8-256] done synthesizing module 'axi_register_slice_v2_1_11_axic_register_slice__parameterized7' (14#1) [/home/jsk_027/PSOC_ED/EdgeDetection/project_1_vivado/project_1_vivado.srcs/sources_1/bd/design_1/ipshared/0b6b/hdl/axi_register_slice_v2_1_vl_rfs.v:85]
INFO: [Synth 8-638] synthesizing module 'axi_infrastructure_v1_1_0_vector2axi__parameterized0' [/home/jsk_027/PSOC_ED/EdgeDetection/project_1_vivado/project_1_vivado.srcs/sources_1/bd/design_1/ipshared/7e3a/hdl/axi_infrastructure_v1_1_vl_rfs.v:474]
INFO: [Synth 8-256] done synthesizing module 'axi_infrastructure_v1_1_0_vector2axi__parameterized0' (14#1) [/home/jsk_027/PSOC_ED/EdgeDetection/project_1_vivado/project_1_vivado.srcs/sources_1/bd/design_1/ipshared/7e3a/hdl/axi_infrastructure_v1_1_vl_rfs.v:474]
INFO: [Synth 8-256] done synthesizing module 'axi_register_slice_v2_1_11_axi_register_slice__parameterized0' (14#1) [/home/jsk_027/PSOC_ED/EdgeDetection/project_1_vivado/project_1_vivado.srcs/sources_1/bd/design_1/ipshared/0b6b/hdl/axi_register_slice_v2_1_vl_rfs.v:791]
INFO: [Synth 8-256] done synthesizing module 'axi_protocol_converter_v2_1_11_b2s' (15#1) [/home/jsk_027/PSOC_ED/EdgeDetection/project_1_vivado/project_1_vivado.srcs/sources_1/bd/design_1/ipshared/df1b/hdl/axi_protocol_converter_v2_1_vl_rfs.v:4224]
INFO: [Synth 8-256] done synthesizing module 'axi_protocol_converter_v2_1_11_axi_protocol_converter' (16#1) [/home/jsk_027/PSOC_ED/EdgeDetection/project_1_vivado/project_1_vivado.srcs/sources_1/bd/design_1/ipshared/df1b/hdl/axi_protocol_converter_v2_1_vl_rfs.v:4806]
INFO: [Synth 8-256] done synthesizing module 'design_1_auto_pc_2' (17#1) [/home/jsk_027/PSOC_ED/EdgeDetection/project_1_vivado/project_1_vivado.srcs/sources_1/bd/design_1/ip/design_1_auto_pc_2/synth/design_1_auto_pc_2.v:58]
Finished RTL Elaboration : Time (s): cpu = 00:00:45 ; elapsed = 00:00:45 . Memory (MB): peak = 1199.023 ; gain = 264.559 ; free physical = 1088 ; free virtual = 12736
Finished RTL Optimization Phase 1 : Time (s): cpu = 00:00:45 ; elapsed = 00:00:45 . Memory (MB): peak = 1199.023 ; gain = 264.559 ; free physical = 1087 ; free virtual = 12735
INFO: [Device 21-403] Loading part xc7z020clg484-1
Constraint Validation Runtime : Time (s): cpu = 00:00:00.15 ; elapsed = 00:00:00.08 . Memory (MB): peak = 1467.883 ; gain = 0.004 ; free physical = 971 ; free virtual = 12619
Finished Constraint Validation : Time (s): cpu = 00:01:00 ; elapsed = 00:01:01 . Memory (MB): peak = 1467.883 ; gain = 533.418 ; free physical = 969 ; free virtual = 12617
Finished Loading Part and Timing Information : Time (s): cpu = 00:01:00 ; elapsed = 00:01:01 . Memory (MB): peak = 1467.883 ; gain = 533.418 ; free physical = 969 ; free virtual = 12617
Finished applying 'set_property' XDC Constraints : Time (s): cpu = 00:01:00 ; elapsed = 00:01:01 . Memory (MB): peak = 1467.883 ; gain = 533.418 ; free physical = 969 ; free virtual = 12617
Finished RTL Optimization Phase 2 : Time (s): cpu = 00:01:01 ; elapsed = 00:01:01 . Memory (MB): peak = 1467.883 ; gain = 533.418 ; free physical = 964 ; free virtual = 12612
Finished Cross Boundary and Area Optimization : Time (s): cpu = 00:01:03 ; elapsed = 00:01:04 . Memory (MB): peak = 1467.887 ; gain = 533.422 ; free physical = 931 ; free virtual = 12579
Finished Applying XDC Timing Constraints : Time (s): cpu = 00:01:15 ; elapsed = 00:01:16 . Memory (MB): peak = 1467.887 ; gain = 533.422 ; free physical = 901 ; free virtual = 12549
Finished Timing Optimization : Time (s): cpu = 00:01:18 ; elapsed = 00:01:18 . Memory (MB): peak = 1482.480 ; gain = 548.016 ; free physical = 860 ; free virtual = 12508
Finished Technology Mapping : Time (s): cpu = 00:01:18 ; elapsed = 00:01:19 . Memory (MB): peak = 1490.488 ; gain = 556.023 ; free physical = 852 ; free virtual = 12500
Finished IO Insertion : Time (s): cpu = 00:01:19 ; elapsed = 00:01:20 . Memory (MB): peak = 1490.492 ; gain = 556.027 ; free physical = 852 ; free virtual = 12500
Finished Renaming Generated Instances : Time (s): cpu = 00:01:19 ; elapsed = 00:01:20 . Memory (MB): peak = 1490.492 ; gain = 556.027 ; free physical = 852 ; free virtual = 12500
Finished Rebuilding User Hierarchy : Time (s): cpu = 00:01:19 ; elapsed = 00:01:20 . Memory (MB): peak = 1490.492 ; gain = 556.027 ; free physical = 852 ; free virtual = 12500
Finished Renaming Generated Ports : Time (s): cpu = 00:01:19 ; elapsed = 00:01:20 . Memory (MB): peak = 1490.492 ; gain = 556.027 ; free physical = 852 ; free virtual = 12500
Finished Handling Custom Attributes : Time (s): cpu = 00:01:19 ; elapsed = 00:01:20 . Memory (MB): peak = 1490.492 ; gain = 556.027 ; free physical = 852 ; free virtual = 12500
Finished Renaming Generated Nets : Time (s): cpu = 00:01:19 ; elapsed = 00:01:20 . Memory (MB): peak = 1490.492 ; gain = 556.027 ; free physical = 852 ; free virtual = 12500

Report Cell Usage: 
+------+--------+------+
|      |Cell    |Count |
+------+--------+------+
|1     |CARRY4  |    18|
|2     |LUT1    |    38|
|3     |LUT2    |    18|
|4     |LUT3    |   235|
|5     |LUT4    |    41|
|6     |LUT5    |    70|
|7     |LUT6    |   106|
|8     |SRL16E  |    18|
|9     |SRLC32E |    47|
|10    |FDRE    |   548|
|11    |FDSE    |    51|
+------+--------+------+
Finished Writing Synthesis Report : Time (s): cpu = 00:01:19 ; elapsed = 00:01:20 . Memory (MB): peak = 1490.492 ; gain = 556.027 ; free physical = 852 ; free virtual = 12500
synth_design: Time (s): cpu = 00:01:18 ; elapsed = 00:01:19 . Memory (MB): peak = 1490.496 ; gain = 488.527 ; free physical = 853 ; free virtual = 12501
