
*** Running vivado
    with args -log design_1_auto_pc_3.vds -m64 -product Vivado -mode batch -messageDb vivado.pb -notrace -source design_1_auto_pc_3.tcl


****** Vivado v2016.4 (64-bit)
  **** SW Build 1733598 on Wed Dec 14 22:35:42 MST 2016
  **** IP Build 1731160 on Wed Dec 14 23:47:21 MST 2016
    ** Copyright 1986-2016 Xilinx, Inc. All Rights Reserved.

source design_1_auto_pc_3.tcl -notrace
Starting RTL Elaboration : Time (s): cpu = 00:00:14 ; elapsed = 00:00:15 . Memory (MB): peak = 1077.551 ; gain = 143.086 ; free physical = 992 ; free virtual = 12646
INFO: [Synth 8-638] synthesizing module 'design_1_auto_pc_3' [/home/jsk_027/PSOC_ED/EdgeDetection/project_1_vivado/project_1_vivado.srcs/sources_1/bd/design_1/ip/design_1_auto_pc_3/synth/design_1_auto_pc_3.v:58]
INFO: [Synth 8-638] synthesizing module 'axi_protocol_converter_v2_1_11_axi_protocol_converter' [/home/jsk_027/PSOC_ED/EdgeDetection/project_1_vivado/project_1_vivado.srcs/sources_1/bd/design_1/ipshared/df1b/hdl/axi_protocol_converter_v2_1_vl_rfs.v:4806]
INFO: [Synth 8-638] synthesizing module 'axi_protocol_converter_v2_1_11_axi3_conv' [/home/jsk_027/PSOC_ED/EdgeDetection/project_1_vivado/project_1_vivado.srcs/sources_1/bd/design_1/ipshared/df1b/hdl/axi_protocol_converter_v2_1_vl_rfs.v:954]
INFO: [Synth 8-638] synthesizing module 'axi_protocol_converter_v2_1_11_b_downsizer' [/home/jsk_027/PSOC_ED/EdgeDetection/project_1_vivado/project_1_vivado.srcs/sources_1/bd/design_1/ipshared/df1b/hdl/axi_protocol_converter_v2_1_vl_rfs.v:2276]
INFO: [Synth 8-256] done synthesizing module 'axi_protocol_converter_v2_1_11_b_downsizer' (1#1) [/home/jsk_027/PSOC_ED/EdgeDetection/project_1_vivado/project_1_vivado.srcs/sources_1/bd/design_1/ipshared/df1b/hdl/axi_protocol_converter_v2_1_vl_rfs.v:2276]
INFO: [Synth 8-638] synthesizing module 'axi_protocol_converter_v2_1_11_a_axi3_conv' [/home/jsk_027/PSOC_ED/EdgeDetection/project_1_vivado/project_1_vivado.srcs/sources_1/bd/design_1/ipshared/df1b/hdl/axi_protocol_converter_v2_1_vl_rfs.v:62]
INFO: [Synth 8-638] synthesizing module 'axi_data_fifo_v2_1_10_axic_fifo' [/home/jsk_027/PSOC_ED/EdgeDetection/project_1_vivado/project_1_vivado.srcs/sources_1/bd/design_1/ipshared/39ba/hdl/axi_data_fifo_v2_1_vl_rfs.v:64]
INFO: [Synth 8-638] synthesizing module 'axi_data_fifo_v2_1_10_fifo_gen' [/home/jsk_027/PSOC_ED/EdgeDetection/project_1_vivado/project_1_vivado.srcs/sources_1/bd/design_1/ipshared/39ba/hdl/axi_data_fifo_v2_1_vl_rfs.v:168]
INFO: [Synth 8-256] done synthesizing module 'axi_data_fifo_v2_1_10_fifo_gen' (20#1) [/home/jsk_027/PSOC_ED/EdgeDetection/project_1_vivado/project_1_vivado.srcs/sources_1/bd/design_1/ipshared/39ba/hdl/axi_data_fifo_v2_1_vl_rfs.v:168]
INFO: [Synth 8-256] done synthesizing module 'axi_data_fifo_v2_1_10_axic_fifo' (21#1) [/home/jsk_027/PSOC_ED/EdgeDetection/project_1_vivado/project_1_vivado.srcs/sources_1/bd/design_1/ipshared/39ba/hdl/axi_data_fifo_v2_1_vl_rfs.v:64]
INFO: [Synth 8-256] done synthesizing module 'axi_protocol_converter_v2_1_11_a_axi3_conv' (22#1) [/home/jsk_027/PSOC_ED/EdgeDetection/project_1_vivado/project_1_vivado.srcs/sources_1/bd/design_1/ipshared/df1b/hdl/axi_protocol_converter_v2_1_vl_rfs.v:62]
INFO: [Synth 8-638] synthesizing module 'axi_protocol_converter_v2_1_11_w_axi3_conv' [/home/jsk_027/PSOC_ED/EdgeDetection/project_1_vivado/project_1_vivado.srcs/sources_1/bd/design_1/ipshared/df1b/hdl/axi_protocol_converter_v2_1_vl_rfs.v:2004]
INFO: [Synth 8-256] done synthesizing module 'axi_protocol_converter_v2_1_11_w_axi3_conv' (23#1) [/home/jsk_027/PSOC_ED/EdgeDetection/project_1_vivado/project_1_vivado.srcs/sources_1/bd/design_1/ipshared/df1b/hdl/axi_protocol_converter_v2_1_vl_rfs.v:2004]
INFO: [Synth 8-638] synthesizing module 'axi_protocol_converter_v2_1_11_a_axi3_conv__parameterized0' [/home/jsk_027/PSOC_ED/EdgeDetection/project_1_vivado/project_1_vivado.srcs/sources_1/bd/design_1/ipshared/df1b/hdl/axi_protocol_converter_v2_1_vl_rfs.v:62]
INFO: [Synth 8-638] synthesizing module 'axi_data_fifo_v2_1_10_axic_fifo__parameterized0' [/home/jsk_027/PSOC_ED/EdgeDetection/project_1_vivado/project_1_vivado.srcs/sources_1/bd/design_1/ipshared/39ba/hdl/axi_data_fifo_v2_1_vl_rfs.v:64]
INFO: [Synth 8-638] synthesizing module 'axi_data_fifo_v2_1_10_fifo_gen__parameterized0' [/home/jsk_027/PSOC_ED/EdgeDetection/project_1_vivado/project_1_vivado.srcs/sources_1/bd/design_1/ipshared/39ba/hdl/axi_data_fifo_v2_1_vl_rfs.v:168]
INFO: [Synth 8-256] done synthesizing module 'axi_data_fifo_v2_1_10_fifo_gen__parameterized0' (23#1) [/home/jsk_027/PSOC_ED/EdgeDetection/project_1_vivado/project_1_vivado.srcs/sources_1/bd/design_1/ipshared/39ba/hdl/axi_data_fifo_v2_1_vl_rfs.v:168]
INFO: [Synth 8-256] done synthesizing module 'axi_data_fifo_v2_1_10_axic_fifo__parameterized0' (23#1) [/home/jsk_027/PSOC_ED/EdgeDetection/project_1_vivado/project_1_vivado.srcs/sources_1/bd/design_1/ipshared/39ba/hdl/axi_data_fifo_v2_1_vl_rfs.v:64]
INFO: [Synth 8-256] done synthesizing module 'axi_protocol_converter_v2_1_11_a_axi3_conv__parameterized0' (23#1) [/home/jsk_027/PSOC_ED/EdgeDetection/project_1_vivado/project_1_vivado.srcs/sources_1/bd/design_1/ipshared/df1b/hdl/axi_protocol_converter_v2_1_vl_rfs.v:62]
INFO: [Synth 8-638] synthesizing module 'axi_protocol_converter_v2_1_11_r_axi3_conv' [/home/jsk_027/PSOC_ED/EdgeDetection/project_1_vivado/project_1_vivado.srcs/sources_1/bd/design_1/ipshared/df1b/hdl/axi_protocol_converter_v2_1_vl_rfs.v:1789]
INFO: [Synth 8-256] done synthesizing module 'axi_protocol_converter_v2_1_11_r_axi3_conv' (24#1) [/home/jsk_027/PSOC_ED/EdgeDetection/project_1_vivado/project_1_vivado.srcs/sources_1/bd/design_1/ipshared/df1b/hdl/axi_protocol_converter_v2_1_vl_rfs.v:1789]
INFO: [Synth 8-256] done synthesizing module 'axi_protocol_converter_v2_1_11_axi3_conv' (25#1) [/home/jsk_027/PSOC_ED/EdgeDetection/project_1_vivado/project_1_vivado.srcs/sources_1/bd/design_1/ipshared/df1b/hdl/axi_protocol_converter_v2_1_vl_rfs.v:954]
INFO: [Synth 8-256] done synthesizing module 'axi_protocol_converter_v2_1_11_axi_protocol_converter' (26#1) [/home/jsk_027/PSOC_ED/EdgeDetection/project_1_vivado/project_1_vivado.srcs/sources_1/bd/design_1/ipshared/df1b/hdl/axi_protocol_converter_v2_1_vl_rfs.v:4806]
INFO: [Synth 8-256] done synthesizing module 'design_1_auto_pc_3' (27#1) [/home/jsk_027/PSOC_ED/EdgeDetection/project_1_vivado/project_1_vivado.srcs/sources_1/bd/design_1/ip/design_1_auto_pc_3/synth/design_1_auto_pc_3.v:58]
Finished RTL Elaboration : Time (s): cpu = 00:00:50 ; elapsed = 00:00:51 . Memory (MB): peak = 1201.023 ; gain = 266.559 ; free physical = 764 ; free virtual = 12420
Finished RTL Optimization Phase 1 : Time (s): cpu = 00:00:51 ; elapsed = 00:00:51 . Memory (MB): peak = 1201.023 ; gain = 266.559 ; free physical = 758 ; free virtual = 12420
INFO: [Device 21-403] Loading part xc7z020clg484-1
Constraint Validation Runtime : Time (s): cpu = 00:00:00.08 ; elapsed = 00:00:00.06 . Memory (MB): peak = 1468.883 ; gain = 0.004 ; free physical = 1264 ; free virtual = 12928
Finished Constraint Validation : Time (s): cpu = 00:01:07 ; elapsed = 00:01:08 . Memory (MB): peak = 1468.883 ; gain = 534.418 ; free physical = 1130 ; free virtual = 12794
Finished Loading Part and Timing Information : Time (s): cpu = 00:01:07 ; elapsed = 00:01:08 . Memory (MB): peak = 1468.883 ; gain = 534.418 ; free physical = 1130 ; free virtual = 12794
Finished applying 'set_property' XDC Constraints : Time (s): cpu = 00:01:07 ; elapsed = 00:01:08 . Memory (MB): peak = 1468.883 ; gain = 534.418 ; free physical = 1130 ; free virtual = 12794
Finished RTL Optimization Phase 2 : Time (s): cpu = 00:01:08 ; elapsed = 00:01:10 . Memory (MB): peak = 1468.883 ; gain = 534.418 ; free physical = 1120 ; free virtual = 12784
Finished Cross Boundary and Area Optimization : Time (s): cpu = 00:01:12 ; elapsed = 00:01:13 . Memory (MB): peak = 1468.887 ; gain = 534.422 ; free physical = 1066 ; free virtual = 12730
---------------------------------------------------------------------------------
Start ROM, RAM, DSP and Shift Register Reporting
---------------------------------------------------------------------------------

Distributed RAM: Preliminary Mapping  Report (see note below)
+-----------------------+-------------------------------------------------------------------------------+----------------+----------------------+----------------+
|Module Name            | RTL Object                                                                    | Inference      | Size (Depth x Width) | Primitives     | 
+-----------------------+-------------------------------------------------------------------------------+----------------+----------------------+----------------+
|fifo_generator_v13_1_3 | inst_fifo_gen/gconvfifo.rf/grf.rf/gntv_or_sync_fifo.mem/gdm.dm_gen.dm/RAM_reg | User Attribute | 32 x 5               | RAM32M x 1     | 
|fifo_generator_v13_1_3 | inst_fifo_gen/gconvfifo.rf/grf.rf/gntv_or_sync_fifo.mem/gdm.dm_gen.dm/RAM_reg | User Attribute | 32 x 5               | RAM32M x 1     | 
|fifo_generator_v13_1_3 | inst_fifo_gen/gconvfifo.rf/grf.rf/gntv_or_sync_fifo.mem/gdm.dm_gen.dm/RAM_reg | User Attribute | 32 x 1               | RAM32X1D x 1   | 
+-----------------------+-------------------------------------------------------------------------------+----------------+----------------------+----------------+

Note: The table above is a preliminary report that shows the Distributed RAMs at the current stage of the synthesis flow. Some Distributed RAMs may be reimplemented as non Distributed RAM primitives later in the synthesis flow. Multiple instantiated RAMs are reported only once.
---------------------------------------------------------------------------------
Finished ROM, RAM, DSP and Shift Register Reporting
---------------------------------------------------------------------------------
Finished Applying XDC Timing Constraints : Time (s): cpu = 00:01:24 ; elapsed = 00:01:25 . Memory (MB): peak = 1468.887 ; gain = 534.422 ; free physical = 883 ; free virtual = 12548
Finished Timing Optimization : Time (s): cpu = 00:01:24 ; elapsed = 00:01:26 . Memory (MB): peak = 1468.887 ; gain = 534.422 ; free physical = 870 ; free virtual = 12534
Finished Technology Mapping : Time (s): cpu = 00:01:25 ; elapsed = 00:01:26 . Memory (MB): peak = 1468.887 ; gain = 534.422 ; free physical = 859 ; free virtual = 12523
Finished IO Insertion : Time (s): cpu = 00:01:26 ; elapsed = 00:01:27 . Memory (MB): peak = 1468.887 ; gain = 534.422 ; free physical = 859 ; free virtual = 12524
Finished Renaming Generated Instances : Time (s): cpu = 00:01:26 ; elapsed = 00:01:27 . Memory (MB): peak = 1468.887 ; gain = 534.422 ; free physical = 859 ; free virtual = 12524
Finished Rebuilding User Hierarchy : Time (s): cpu = 00:01:26 ; elapsed = 00:01:27 . Memory (MB): peak = 1468.887 ; gain = 534.422 ; free physical = 859 ; free virtual = 12523
Finished Renaming Generated Ports : Time (s): cpu = 00:01:26 ; elapsed = 00:01:27 . Memory (MB): peak = 1468.887 ; gain = 534.422 ; free physical = 859 ; free virtual = 12523
Finished Handling Custom Attributes : Time (s): cpu = 00:01:26 ; elapsed = 00:01:27 . Memory (MB): peak = 1468.887 ; gain = 534.422 ; free physical = 859 ; free virtual = 12523
Finished Renaming Generated Nets : Time (s): cpu = 00:01:26 ; elapsed = 00:01:27 . Memory (MB): peak = 1468.887 ; gain = 534.422 ; free physical = 859 ; free virtual = 12523

Report Cell Usage: 
+------+---------+------+
|      |Cell     |Count |
+------+---------+------+
|1     |CARRY4   |    16|
|2     |LUT1     |    20|
|3     |LUT2     |    48|
|4     |LUT3     |    54|
|5     |LUT4     |    73|
|6     |LUT5     |   159|
|7     |LUT6     |    79|
|8     |RAM32M   |     2|
|9     |RAM32X1D |     1|
|10    |FDCE     |    69|
|11    |FDPE     |    63|
|12    |FDRE     |   335|
|13    |FDSE     |     5|
+------+---------+------+
Finished Writing Synthesis Report : Time (s): cpu = 00:01:26 ; elapsed = 00:01:27 . Memory (MB): peak = 1468.887 ; gain = 534.422 ; free physical = 859 ; free virtual = 12523
synth_design: Time (s): cpu = 00:01:25 ; elapsed = 00:01:26 . Memory (MB): peak = 1468.887 ; gain = 466.918 ; free physical = 860 ; free virtual = 12524
